2018-Feb-28 21:10:47.946 INFO	core	Dwarf Therapist "39.2.1" starting normally. [E:\projects\Dwarf-Therapist\src\dwarftherapist.cpp:186] (DwarfTherapist::setup_logging)
2018-Feb-28 21:10:47.946 INFO	core	Runtime QT Version 5.9.3 [E:\projects\Dwarf-Therapist\src\dwarftherapist.cpp:187] (DwarfTherapist::setup_logging)
2018-Feb-28 21:10:48.784 INFO	core	beginning to read settings [E:\projects\Dwarf-Therapist\src\dwarftherapist.cpp:213] (DwarfTherapist::read_settings)
2018-Feb-28 21:10:48.824 INFO	core	finished reading settings [E:\projects\Dwarf-Therapist\src\dwarftherapist.cpp:264] (DwarfTherapist::read_settings)
2018-Feb-28 21:10:48.930 INFO	core	attempting connection to running DF game [E:\projects\Dwarf-Therapist\src\mainwindow.cpp:406] (MainWindow::connect_to_df)
2018-Feb-28 21:10:48.931 INFO	core	opening layout "Z:/home/cchall/Documents/DF/Committee-on-Dwarven-Affairs/DwarfTherapist/share/memory_layouts/windows/v0.42.01_graphics_win.ini" [E:\projects\Dwarf-Therapist\src\dfinstance.cpp:105] (DFInstance::DFInstance)
2018-Feb-28 21:10:48.933 INFO	core	adding valid layout "v0.42.01 (graphics) win" checksum: "0x565ca0e6" SHA: "d359ca9347936d47f1d536e303fc3b902303e0a0" [E:\projects\Dwarf-Therapist\src\dfinstance.cpp:112] (DFInstance::DFInstance)
2018-Feb-28 21:10:48.933 INFO	core	opening layout "Z:/home/cchall/Documents/DF/Committee-on-Dwarven-Affairs/DwarfTherapist/share/memory_layouts/windows/v0.42.02_graphics_win.ini" [E:\projects\Dwarf-Therapist\src\dfinstance.cpp:105] (DFInstance::DFInstance)
2018-Feb-28 21:10:48.935 INFO	core	adding valid layout "v0.42.02 (graphics) win" checksum: "0x56633788" SHA: "3b1b62e68a16963767243a37e362b7eaeaad1a3a" [E:\projects\Dwarf-Therapist\src\dfinstance.cpp:112] (DFInstance::DFInstance)
2018-Feb-28 21:10:48.935 INFO	core	opening layout "Z:/home/cchall/Documents/DF/Committee-on-Dwarven-Affairs/DwarfTherapist/share/memory_layouts/windows/v0.42.03_graphics_win.ini" [E:\projects\Dwarf-Therapist\src\dfinstance.cpp:105] (DFInstance::DFInstance)
2018-Feb-28 21:10:48.936 INFO	core	adding valid layout "v0.42.03 (graphics) win" checksum: "0x566c7776" SHA: "747ead87b43be1b5b70f3a838113a63cee6ebd6f" [E:\projects\Dwarf-Therapist\src\dfinstance.cpp:112] (DFInstance::DFInstance)
2018-Feb-28 21:10:48.936 INFO	core	opening layout "Z:/home/cchall/Documents/DF/Committee-on-Dwarven-Affairs/DwarfTherapist/share/memory_layouts/windows/v0.42.04_graphics_win.ini" [E:\projects\Dwarf-Therapist\src\dfinstance.cpp:105] (DFInstance::DFInstance)
2018-Feb-28 21:10:48.938 INFO	core	adding valid layout "v0.42.04 (graphics) win" checksum: "0x567ef345" SHA: "0fa1a009508d9b271ae86cfde75f35741ddbc3c3" [E:\projects\Dwarf-Therapist\src\dfinstance.cpp:112] (DFInstance::DFInstance)
2018-Feb-28 21:10:48.938 INFO	core	opening layout "Z:/home/cchall/Documents/DF/Committee-on-Dwarven-Affairs/DwarfTherapist/share/memory_layouts/windows/v0.42.05_graphics_win.ini" [E:\projects\Dwarf-Therapist\src\dfinstance.cpp:105] (DFInstance::DFInstance)
2018-Feb-28 21:10:48.939 INFO	core	adding valid layout "v0.42.05 (graphics) win" checksum: "0x569bf3df" SHA: "2c38c07aa67947bc4fa52f0c7086e5cf608cb0cc" [E:\projects\Dwarf-Therapist\src\dfinstance.cpp:112] (DFInstance::DFInstance)
2018-Feb-28 21:10:48.939 INFO	core	opening layout "Z:/home/cchall/Documents/DF/Committee-on-Dwarven-Affairs/DwarfTherapist/share/memory_layouts/windows/v0.42.06_graphics_win.ini" [E:\projects\Dwarf-Therapist\src\dfinstance.cpp:105] (DFInstance::DFInstance)
2018-Feb-28 21:10:48.940 INFO	core	adding valid layout "v0.42.06 (graphics) win" checksum: "0x56bba192" SHA: "7d778155de6ecdaa5c2933af7f14e69601069477" [E:\projects\Dwarf-Therapist\src\dfinstance.cpp:112] (DFInstance::DFInstance)
2018-Feb-28 21:10:48.940 INFO	core	opening layout "Z:/home/cchall/Documents/DF/Committee-on-Dwarven-Affairs/DwarfTherapist/share/memory_layouts/windows/v0.43.01_graphics_win.ini" [E:\projects\Dwarf-Therapist\src\dfinstance.cpp:105] (DFInstance::DFInstance)
2018-Feb-28 21:10:48.942 INFO	core	adding valid layout "v0.43.01 (graphics) win" checksum: "0x5731022d" SHA: "c17c0f62c50a4ac91360271fe7317433a4fb56a9" [E:\projects\Dwarf-Therapist\src\dfinstance.cpp:112] (DFInstance::DFInstance)
2018-Feb-28 21:10:48.942 INFO	core	opening layout "Z:/home/cchall/Documents/DF/Committee-on-Dwarven-Affairs/DwarfTherapist/share/memory_layouts/windows/v0.43.02_graphics_win.ini" [E:\projects\Dwarf-Therapist\src\dfinstance.cpp:105] (DFInstance::DFInstance)
2018-Feb-28 21:10:48.943 INFO	core	adding valid layout "v0.43.02 (graphics) win" checksum: "0x5733848a" SHA: "97a9222673f762f1acc5e4cfe737e380b4a1108a" [E:\projects\Dwarf-Therapist\src\dfinstance.cpp:112] (DFInstance::DFInstance)
2018-Feb-28 21:10:48.943 INFO	core	opening layout "Z:/home/cchall/Documents/DF/Committee-on-Dwarven-Affairs/DwarfTherapist/share/memory_layouts/windows/v0.43.03_graphics_win.ini" [E:\projects\Dwarf-Therapist\src\dfinstance.cpp:105] (DFInstance::DFInstance)
2018-Feb-28 21:10:48.945 INFO	core	adding valid layout "v0.43.03 (graphics) win" checksum: "0x57420c94" SHA: "f58253a32c8a719959d5c55096614f80c34b7d00" [E:\projects\Dwarf-Therapist\src\dfinstance.cpp:112] (DFInstance::DFInstance)
2018-Feb-28 21:10:48.945 INFO	core	opening layout "Z:/home/cchall/Documents/DF/Committee-on-Dwarven-Affairs/DwarfTherapist/share/memory_layouts/windows/v0.43.05_graphics_win32.ini" [E:\projects\Dwarf-Therapist\src\dfinstance.cpp:105] (DFInstance::DFInstance)
2018-Feb-28 21:10:48.948 INFO	core	adding valid layout "v0.43.05 (graphics) win32" checksum: "0x577b57ff" SHA: "29eb9fbdba3efc4abbc08d49431621f937697b12" [E:\projects\Dwarf-Therapist\src\dfinstance.cpp:112] (DFInstance::DFInstance)
2018-Feb-28 21:10:48.949 INFO	core	opening layout "Z:/home/cchall/Documents/DF/Committee-on-Dwarven-Affairs/DwarfTherapist/share/memory_layouts/windows/v0.43.05_graphics_win64.ini" [E:\projects\Dwarf-Therapist\src\dfinstance.cpp:105] (DFInstance::DFInstance)
2018-Feb-28 21:10:48.952 INFO	core	adding valid layout "v0.43.05 (graphics) win64" checksum: "0x577b5e93" SHA: "5218ec4e1e6c5f3dbc63f8ce46ad7e6e218c796a" [E:\projects\Dwarf-Therapist\src\dfinstance.cpp:112] (DFInstance::DFInstance)
2018-Feb-28 21:10:48.952 INFO	core	opening layout "Z:/home/cchall/Documents/DF/Committee-on-Dwarven-Affairs/DwarfTherapist/share/memory_layouts/windows/v0.44.02_graphics_win32.ini" [E:\projects\Dwarf-Therapist\src\dfinstance.cpp:105] (DFInstance::DFInstance)
2018-Feb-28 21:10:48.953 INFO	core	adding valid layout "v0.44.02 (graphics) win32" checksum: "0x5a175fbd" SHA: "e5738d69fc608669759934e077de17ce5869fd53" [E:\projects\Dwarf-Therapist\src\dfinstance.cpp:112] (DFInstance::DFInstance)
2018-Feb-28 21:10:48.953 INFO	core	opening layout "Z:/home/cchall/Documents/DF/Committee-on-Dwarven-Affairs/DwarfTherapist/share/memory_layouts/windows/v0.44.02_graphics_win64.ini" [E:\projects\Dwarf-Therapist\src\dfinstance.cpp:105] (DFInstance::DFInstance)
2018-Feb-28 21:10:48.960 INFO	core	adding valid layout "v0.44.02 (graphics) win64" checksum: "0x5a176770" SHA: "9e831bd40c8229de10a952d9ce382dcb3181b40c" [E:\projects\Dwarf-Therapist\src\dfinstance.cpp:112] (DFInstance::DFInstance)
2018-Feb-28 21:10:48.960 INFO	core	opening layout "Z:/home/cchall/Documents/DF/Committee-on-Dwarven-Affairs/DwarfTherapist/share/memory_layouts/windows/v0.44.03_graphics_win32.ini" [E:\projects\Dwarf-Therapist\src\dfinstance.cpp:105] (DFInstance::DFInstance)
2018-Feb-28 21:10:48.962 INFO	core	adding valid layout "v0.44.03 (graphics) win32" checksum: "0x5a40bfbf" SHA: "4ea302a365d2d3b08e368bac3ae84597f69029c4" [E:\projects\Dwarf-Therapist\src\dfinstance.cpp:112] (DFInstance::DFInstance)
2018-Feb-28 21:10:48.963 INFO	core	opening layout "Z:/home/cchall/Documents/DF/Committee-on-Dwarven-Affairs/DwarfTherapist/share/memory_layouts/windows/v0.44.03_graphics_win64.ini" [E:\projects\Dwarf-Therapist\src\dfinstance.cpp:105] (DFInstance::DFInstance)
2018-Feb-28 21:10:48.964 INFO	core	adding valid layout "v0.44.03 (graphics) win64" checksum: "0x5a40c6db" SHA: "21e3debe6634dda0a254491c9c60efc0e82876df" [E:\projects\Dwarf-Therapist\src\dfinstance.cpp:112] (DFInstance::DFInstance)
2018-Feb-28 21:10:48.964 INFO	core	opening layout "Z:/home/cchall/Documents/DF/Committee-on-Dwarven-Affairs/DwarfTherapist/share/memory_layouts/windows/v0.44.04_graphics_win32.ini" [E:\projects\Dwarf-Therapist\src\dfinstance.cpp:105] (DFInstance::DFInstance)
2018-Feb-28 21:10:48.966 INFO	core	adding valid layout "v0.44.04 (graphics) win32" checksum: "0x5a5687e6" SHA: "7ab86d32eb2c5adb1a71edb6854e57a7fb116f91" [E:\projects\Dwarf-Therapist\src\dfinstance.cpp:112] (DFInstance::DFInstance)
2018-Feb-28 21:10:48.966 INFO	core	opening layout "Z:/home/cchall/Documents/DF/Committee-on-Dwarven-Affairs/DwarfTherapist/share/memory_layouts/windows/v0.44.04_graphics_win64.ini" [E:\projects\Dwarf-Therapist\src\dfinstance.cpp:105] (DFInstance::DFInstance)
2018-Feb-28 21:10:48.968 INFO	core	adding valid layout "v0.44.04 (graphics) win64" checksum: "0x5a568f07" SHA: "cf5b103cfa8e1504eb86a028e67d430ec1e1328d" [E:\projects\Dwarf-Therapist\src\dfinstance.cpp:112] (DFInstance::DFInstance)
2018-Feb-28 21:10:48.968 INFO	core	opening layout "Z:/home/cchall/Documents/DF/Committee-on-Dwarven-Affairs/DwarfTherapist/share/memory_layouts/windows/v0.44.05_graphics_win32.ini" [E:\projects\Dwarf-Therapist\src\dfinstance.cpp:105] (DFInstance::DFInstance)
2018-Feb-28 21:10:48.970 INFO	core	adding valid layout "v0.44.05 (graphics) win32" checksum: "0x5a5bb383" SHA: "a0c18579181ae5f245fbfb512013076bd5fb654c" [E:\projects\Dwarf-Therapist\src\dfinstance.cpp:112] (DFInstance::DFInstance)
2018-Feb-28 21:10:48.970 INFO	core	opening layout "Z:/home/cchall/Documents/DF/Committee-on-Dwarven-Affairs/DwarfTherapist/share/memory_layouts/windows/v0.44.05_graphics_win64.ini" [E:\projects\Dwarf-Therapist\src\dfinstance.cpp:105] (DFInstance::DFInstance)
2018-Feb-28 21:10:48.971 INFO	core	adding valid layout "v0.44.05 (graphics) win64" checksum: "0x5a5bbc62" SHA: "56d3e713f01606ebafd1d9a19206076fe01e5e1e" [E:\projects\Dwarf-Therapist\src\dfinstance.cpp:112] (DFInstance::DFInstance)
2018-Feb-28 21:10:48.972 INFO	core	opening layout "Z:/home/cchall/Documents/DF/Committee-on-Dwarven-Affairs/DwarfTherapist/share/memory_layouts/windows/v0.42.01_graphics_win.ini" [E:\projects\Dwarf-Therapist\src\dfinstance.cpp:105] (DFInstance::DFInstance)
2018-Feb-28 21:10:48.973 INFO	core	ignoring already added layout, checksum: "0x565ca0e6" [E:\projects\Dwarf-Therapist\src\dfinstance.cpp:115] (DFInstance::DFInstance)
2018-Feb-28 21:10:48.973 INFO	core	opening layout "Z:/home/cchall/Documents/DF/Committee-on-Dwarven-Affairs/DwarfTherapist/share/memory_layouts/windows/v0.42.02_graphics_win.ini" [E:\projects\Dwarf-Therapist\src\dfinstance.cpp:105] (DFInstance::DFInstance)
2018-Feb-28 21:10:48.974 INFO	core	ignoring already added layout, checksum: "0x56633788" [E:\projects\Dwarf-Therapist\src\dfinstance.cpp:115] (DFInstance::DFInstance)
2018-Feb-28 21:10:48.974 INFO	core	opening layout "Z:/home/cchall/Documents/DF/Committee-on-Dwarven-Affairs/DwarfTherapist/share/memory_layouts/windows/v0.42.03_graphics_win.ini" [E:\projects\Dwarf-Therapist\src\dfinstance.cpp:105] (DFInstance::DFInstance)
2018-Feb-28 21:10:48.975 INFO	core	ignoring already added layout, checksum: "0x566c7776" [E:\projects\Dwarf-Therapist\src\dfinstance.cpp:115] (DFInstance::DFInstance)
2018-Feb-28 21:10:48.975 INFO	core	opening layout "Z:/home/cchall/Documents/DF/Committee-on-Dwarven-Affairs/DwarfTherapist/share/memory_layouts/windows/v0.42.04_graphics_win.ini" [E:\projects\Dwarf-Therapist\src\dfinstance.cpp:105] (DFInstance::DFInstance)
2018-Feb-28 21:10:48.976 INFO	core	ignoring already added layout, checksum: "0x567ef345" [E:\projects\Dwarf-Therapist\src\dfinstance.cpp:115] (DFInstance::DFInstance)
2018-Feb-28 21:10:48.976 INFO	core	opening layout "Z:/home/cchall/Documents/DF/Committee-on-Dwarven-Affairs/DwarfTherapist/share/memory_layouts/windows/v0.42.05_graphics_win.ini" [E:\projects\Dwarf-Therapist\src\dfinstance.cpp:105] (DFInstance::DFInstance)
2018-Feb-28 21:10:48.977 INFO	core	ignoring already added layout, checksum: "0x569bf3df" [E:\projects\Dwarf-Therapist\src\dfinstance.cpp:115] (DFInstance::DFInstance)
2018-Feb-28 21:10:48.977 INFO	core	opening layout "Z:/home/cchall/Documents/DF/Committee-on-Dwarven-Affairs/DwarfTherapist/share/memory_layouts/windows/v0.42.06_graphics_win.ini" [E:\projects\Dwarf-Therapist\src\dfinstance.cpp:105] (DFInstance::DFInstance)
2018-Feb-28 21:10:48.979 INFO	core	ignoring already added layout, checksum: "0x56bba192" [E:\projects\Dwarf-Therapist\src\dfinstance.cpp:115] (DFInstance::DFInstance)
2018-Feb-28 21:10:48.979 INFO	core	opening layout "Z:/home/cchall/Documents/DF/Committee-on-Dwarven-Affairs/DwarfTherapist/share/memory_layouts/windows/v0.43.01_graphics_win.ini" [E:\projects\Dwarf-Therapist\src\dfinstance.cpp:105] (DFInstance::DFInstance)
2018-Feb-28 21:10:48.980 INFO	core	ignoring already added layout, checksum: "0x5731022d" [E:\projects\Dwarf-Therapist\src\dfinstance.cpp:115] (DFInstance::DFInstance)
2018-Feb-28 21:10:48.981 INFO	core	opening layout "Z:/home/cchall/Documents/DF/Committee-on-Dwarven-Affairs/DwarfTherapist/share/memory_layouts/windows/v0.43.02_graphics_win.ini" [E:\projects\Dwarf-Therapist\src\dfinstance.cpp:105] (DFInstance::DFInstance)
2018-Feb-28 21:10:48.983 INFO	core	ignoring already added layout, checksum: "0x5733848a" [E:\projects\Dwarf-Therapist\src\dfinstance.cpp:115] (DFInstance::DFInstance)
2018-Feb-28 21:10:48.983 INFO	core	opening layout "Z:/home/cchall/Documents/DF/Committee-on-Dwarven-Affairs/DwarfTherapist/share/memory_layouts/windows/v0.43.03_graphics_win.ini" [E:\projects\Dwarf-Therapist\src\dfinstance.cpp:105] (DFInstance::DFInstance)
2018-Feb-28 21:10:48.989 INFO	core	ignoring already added layout, checksum: "0x57420c94" [E:\projects\Dwarf-Therapist\src\dfinstance.cpp:115] (DFInstance::DFInstance)
2018-Feb-28 21:10:48.989 INFO	core	opening layout "Z:/home/cchall/Documents/DF/Committee-on-Dwarven-Affairs/DwarfTherapist/share/memory_layouts/windows/v0.43.05_graphics_win32.ini" [E:\projects\Dwarf-Therapist\src\dfinstance.cpp:105] (DFInstance::DFInstance)
2018-Feb-28 21:10:48.992 INFO	core	ignoring already added layout, checksum: "0x577b57ff" [E:\projects\Dwarf-Therapist\src\dfinstance.cpp:115] (DFInstance::DFInstance)
2018-Feb-28 21:10:48.992 INFO	core	opening layout "Z:/home/cchall/Documents/DF/Committee-on-Dwarven-Affairs/DwarfTherapist/share/memory_layouts/windows/v0.43.05_graphics_win64.ini" [E:\projects\Dwarf-Therapist\src\dfinstance.cpp:105] (DFInstance::DFInstance)
2018-Feb-28 21:10:48.993 INFO	core	ignoring already added layout, checksum: "0x577b5e93" [E:\projects\Dwarf-Therapist\src\dfinstance.cpp:115] (DFInstance::DFInstance)
2018-Feb-28 21:10:48.993 INFO	core	opening layout "Z:/home/cchall/Documents/DF/Committee-on-Dwarven-Affairs/DwarfTherapist/share/memory_layouts/windows/v0.44.02_graphics_win32.ini" [E:\projects\Dwarf-Therapist\src\dfinstance.cpp:105] (DFInstance::DFInstance)
2018-Feb-28 21:10:48.994 INFO	core	ignoring already added layout, checksum: "0x5a175fbd" [E:\projects\Dwarf-Therapist\src\dfinstance.cpp:115] (DFInstance::DFInstance)
2018-Feb-28 21:10:48.994 INFO	core	opening layout "Z:/home/cchall/Documents/DF/Committee-on-Dwarven-Affairs/DwarfTherapist/share/memory_layouts/windows/v0.44.02_graphics_win64.ini" [E:\projects\Dwarf-Therapist\src\dfinstance.cpp:105] (DFInstance::DFInstance)
2018-Feb-28 21:10:48.995 INFO	core	ignoring already added layout, checksum: "0x5a176770" [E:\projects\Dwarf-Therapist\src\dfinstance.cpp:115] (DFInstance::DFInstance)
2018-Feb-28 21:10:48.995 INFO	core	opening layout "Z:/home/cchall/Documents/DF/Committee-on-Dwarven-Affairs/DwarfTherapist/share/memory_layouts/windows/v0.44.03_graphics_win32.ini" [E:\projects\Dwarf-Therapist\src\dfinstance.cpp:105] (DFInstance::DFInstance)
2018-Feb-28 21:10:48.996 INFO	core	ignoring already added layout, checksum: "0x5a40bfbf" [E:\projects\Dwarf-Therapist\src\dfinstance.cpp:115] (DFInstance::DFInstance)
2018-Feb-28 21:10:48.996 INFO	core	opening layout "Z:/home/cchall/Documents/DF/Committee-on-Dwarven-Affairs/DwarfTherapist/share/memory_layouts/windows/v0.44.03_graphics_win64.ini" [E:\projects\Dwarf-Therapist\src\dfinstance.cpp:105] (DFInstance::DFInstance)
2018-Feb-28 21:10:48.997 INFO	core	ignoring already added layout, checksum: "0x5a40c6db" [E:\projects\Dwarf-Therapist\src\dfinstance.cpp:115] (DFInstance::DFInstance)
2018-Feb-28 21:10:48.997 INFO	core	opening layout "Z:/home/cchall/Documents/DF/Committee-on-Dwarven-Affairs/DwarfTherapist/share/memory_layouts/windows/v0.44.04_graphics_win32.ini" [E:\projects\Dwarf-Therapist\src\dfinstance.cpp:105] (DFInstance::DFInstance)
2018-Feb-28 21:10:48.998 INFO	core	ignoring already added layout, checksum: "0x5a5687e6" [E:\projects\Dwarf-Therapist\src\dfinstance.cpp:115] (DFInstance::DFInstance)
2018-Feb-28 21:10:48.998 INFO	core	opening layout "Z:/home/cchall/Documents/DF/Committee-on-Dwarven-Affairs/DwarfTherapist/share/memory_layouts/windows/v0.44.04_graphics_win64.ini" [E:\projects\Dwarf-Therapist\src\dfinstance.cpp:105] (DFInstance::DFInstance)
2018-Feb-28 21:10:48.999 INFO	core	ignoring already added layout, checksum: "0x5a568f07" [E:\projects\Dwarf-Therapist\src\dfinstance.cpp:115] (DFInstance::DFInstance)
2018-Feb-28 21:10:48.999 INFO	core	opening layout "Z:/home/cchall/Documents/DF/Committee-on-Dwarven-Affairs/DwarfTherapist/share/memory_layouts/windows/v0.44.05_graphics_win32.ini" [E:\projects\Dwarf-Therapist\src\dfinstance.cpp:105] (DFInstance::DFInstance)
2018-Feb-28 21:10:49.005 INFO	core	ignoring already added layout, checksum: "0x5a5bb383" [E:\projects\Dwarf-Therapist\src\dfinstance.cpp:115] (DFInstance::DFInstance)
2018-Feb-28 21:10:49.005 INFO	core	opening layout "Z:/home/cchall/Documents/DF/Committee-on-Dwarven-Affairs/DwarfTherapist/share/memory_layouts/windows/v0.44.05_graphics_win64.ini" [E:\projects\Dwarf-Therapist\src\dfinstance.cpp:105] (DFInstance::DFInstance)
2018-Feb-28 21:10:49.010 INFO	core	ignoring already added layout, checksum: "0x5a5bbc62" [E:\projects\Dwarf-Therapist\src\dfinstance.cpp:115] (DFInstance::DFInstance)
2018-Feb-28 21:10:49.010 INFO	core	attempting to find running copy of DF [E:\projects\Dwarf-Therapist\src\dfinstancewindows.cpp:236] (DFInstanceWindows::find_running_copy)
2018-Feb-28 21:10:49.018 INFO	core	PID of process is:  62 [E:\projects\Dwarf-Therapist\src\dfinstancewindows.cpp:242] (DFInstanceWindows::find_running_copy)
2018-Feb-28 21:10:49.019 INFO	core	PROC HANDLE: 0xc8 [E:\projects\Dwarf-Therapist\src\dfinstancewindows.cpp:252] (DFInstanceWindows::find_running_copy)
2018-Feb-28 21:10:49.026 INFO	core	RAW BASE ADDRESS: 5368709120 [E:\projects\Dwarf-Therapist\src\dfinstancewindows.cpp:283] (DFInstanceWindows::find_running_copy)
2018-Feb-28 21:10:49.026 INFO	core	Target EXE was compiled at  "2018-01-15T07:24:02" [E:\projects\Dwarf-Therapist\src\dfinstancewindows.cpp:78] (DFInstanceWindows::calculate_checksum)
2018-Feb-28 21:10:49.026 INFO	core	Setting memory layout for DF checksum "0x5a5bbc62" [E:\projects\Dwarf-Therapist\src\dfinstance.cpp:1086] (DFInstance::set_memory_layout)
2018-Feb-28 21:10:49.026 INFO	core	Detected Dwarf Fortress version "v0.44.05 (graphics) win64" using MemoryLayout from "Z:/home/cchall/Documents/DF/Committee-on-Dwarven-Affairs/DwarfTherapist/share/memory_layouts/windows/v0.44.05_graphics_win64.ini" [E:\projects\Dwarf-Therapist\src\dfinstance.cpp:1091] (DFInstance::set_memory_layout)
2018-Feb-28 21:10:49.027 INFO	core	GetModuleFileNameEx returned:  "Z:\\home\\cchall\\Documents\\DF\\Committee-on-Dwarven-Affairs\\DwarfFortress\\Dwarf Fortress.exe" [E:\projects\Dwarf-Therapist\src\dfinstancewindows.cpp:316] (DFInstanceWindows::find_running_copy)
2018-Feb-28 21:10:49.027 INFO	core	Dwarf Fortress path: "Z:/home/cchall/Documents/DF/Committee-on-Dwarven-Affairs/DwarfFortress" [E:\projects\Dwarf-Therapist\src\dfinstancewindows.cpp:319] (DFInstanceWindows::find_running_copy)
2018-Feb-28 21:10:49.027 INFO	core	Checking for layout for checksum:  "0x5a5bbc62" [E:\projects\Dwarf-Therapist\src\updater.cpp:133] (Updater::check_layouts)
2018-Feb-28 21:10:49.257 INFO	core	Setting memory layout for DF checksum "0x5a5bbc62" [E:\projects\Dwarf-Therapist\src\dfinstance.cpp:1086] (DFInstance::set_memory_layout)
2018-Feb-28 21:10:49.257 INFO	core	Detected Dwarf Fortress version "v0.44.05 (graphics) win64" using MemoryLayout from "Z:/home/cchall/Documents/DF/Committee-on-Dwarven-Affairs/DwarfTherapist/share/memory_layouts/windows/v0.44.05_graphics_win64.ini" [E:\projects\Dwarf-Therapist\src\dfinstance.cpp:1091] (DFInstance::set_memory_layout)
2018-Feb-28 21:10:49.258 INFO	core	Connection to DF version "v0.44.05 (graphics) win64" established. [E:\projects\Dwarf-Therapist\src\mainwindow.cpp:430] (MainWindow::connect_to_df)
2018-Feb-28 21:10:53.918 INFO	core	Loading built-in default gridviews [E:\projects\Dwarf-Therapist\src\viewmanager.cpp:134] (ViewManager::reload_views)
2018-Feb-28 21:10:53.931 INFO	core	Loaded 12 views from disk [E:\projects\Dwarf-Therapist\src\viewmanager.cpp:174] (ViewManager::reload_views)
2018-Feb-28 21:10:53.940 INFO	core	group_by now set to 0  for view  "Labors Full" [E:\projects\Dwarf-Therapist\src\dwarfmodel.cpp:789] (DwarfModel::set_group_by)
2018-Feb-28 21:10:53.949 INFO	core	group_by now set to 0  for view  "Military" [E:\projects\Dwarf-Therapist\src\dwarfmodel.cpp:789] (DwarfModel::set_group_by)
2018-Feb-28 21:10:53.958 INFO	core	group_by now set to 0  for view  "Other Skills" [E:\projects\Dwarf-Therapist\src\dwarfmodel.cpp:789] (DwarfModel::set_group_by)
2018-Feb-28 21:10:53.970 INFO	core	group_by now set to 0  for view  "Attributes" [E:\projects\Dwarf-Therapist\src\dwarfmodel.cpp:789] (DwarfModel::set_group_by)
2018-Feb-28 21:10:53.977 INFO	core	group_by now set to 0  for view  "Roles" [E:\projects\Dwarf-Therapist\src\dwarfmodel.cpp:789] (DwarfModel::set_group_by)
2018-Feb-28 21:10:53.988 INFO	core	group_by now set to 0  for view  "Animals" [E:\projects\Dwarf-Therapist\src\dwarfmodel.cpp:789] (DwarfModel::set_group_by)
2018-Feb-28 21:10:53.990 INFO	core	group_by now set to 0  for view  "Labors Full" [E:\projects\Dwarf-Therapist\src\dwarfmodel.cpp:789] (DwarfModel::set_group_by)
2018-Feb-28 21:10:53.990 INFO	core	"redrew views in 57ms" [E:\projects\Dwarf-Therapist\src\viewmanager.cpp:322] (ViewManager::draw_views)
2018-Feb-28 21:10:53.991 INFO	core	current year: 125 [E:\projects\Dwarf-Therapist\src\dfinstance.cpp:789] (DFInstance::refresh_data)
2018-Feb-28 21:10:54.006 INFO	core	FOUND 0 squads [E:\projects\Dwarf-Therapist\src\dfinstance.cpp:880] (DFInstance::load_squads)
2018-Feb-28 21:10:54.010 INFO	core	using active units [E:\projects\Dwarf-Therapist\src\dfinstance.cpp:956] (DFInstance::get_creatures)
2018-Feb-28 21:10:54.010 INFO	core	no active units with our civ (reclaim), using full unit list [E:\projects\Dwarf-Therapist\src\dfinstance.cpp:962] (DFInstance::get_creatures)
2018-Feb-28 21:10:54.087 INFO	core	"FOUND Dwarf (0x0e0d7af0) name:Solon Astelasob id:123 histfig_id:647" [E:\projects\Dwarf-Therapist\src\dwarf.cpp:309] (Dwarf::read_data)
2018-Feb-28 21:10:54.124 INFO	core	"FOUND Dwarf (0x0e0dcbd0) name:Kumil Rig?thtekkud id:124 histfig_id:648" [E:\projects\Dwarf-Therapist\src\dwarf.cpp:309] (Dwarf::read_data)
2018-Feb-28 21:10:54.181 INFO	core	"FOUND Dwarf (0x0d7d4100) name:S?kzul Kalurfath id:125 histfig_id:649" [E:\projects\Dwarf-Therapist\src\dwarf.cpp:309] (Dwarf::read_data)
2018-Feb-28 21:10:54.219 INFO	core	"FOUND Dwarf (0x0d3d29b0) name:Sodel Ingishgulnas id:126 histfig_id:650" [E:\projects\Dwarf-Therapist\src\dwarf.cpp:309] (Dwarf::read_data)
2018-Feb-28 21:10:54.257 INFO	core	"FOUND Dwarf (0x0c15aab0) name:Sarvesh Kad?ltarem id:127 histfig_id:651" [E:\projects\Dwarf-Therapist\src\dwarf.cpp:309] (Dwarf::read_data)
2018-Feb-28 21:10:54.308 INFO	core	"FOUND Dwarf (0x0c15f2c0) name:Melbil Olinlathon id:128 histfig_id:652" [E:\projects\Dwarf-Therapist\src\dwarf.cpp:309] (Dwarf::read_data)
2018-Feb-28 21:10:54.349 INFO	core	"FOUND Dwarf (0x0d75b0c0) name:Kadol Isosth?kut id:129 histfig_id:653" [E:\projects\Dwarf-Therapist\src\dwarf.cpp:309] (Dwarf::read_data)
2018-Feb-28 21:10:54.360 INFO	core	"FOUND Dog (0x0e00e5d0) name:Dog id:130 histfig_id:-1" [E:\projects\Dwarf-Therapist\src\dwarf.cpp:309] (Dwarf::read_data)
2018-Feb-28 21:10:54.365 INFO	core	"FOUND Dog (0x0e0117d0) name:Dog id:131 histfig_id:-1" [E:\projects\Dwarf-Therapist\src\dwarf.cpp:309] (Dwarf::read_data)
2018-Feb-28 21:10:54.376 INFO	core	"FOUND Cat (0x0e014c60) name:Cat id:132 histfig_id:-1" [E:\projects\Dwarf-Therapist\src\dwarf.cpp:309] (Dwarf::read_data)
2018-Feb-28 21:10:54.381 INFO	core	"FOUND Cat (0x0e187dc0) name:Cat id:133 histfig_id:-1" [E:\projects\Dwarf-Therapist\src\dwarf.cpp:309] (Dwarf::read_data)
2018-Feb-28 21:10:54.392 INFO	core	"FOUND Water buffalo (0x0e18a950) name:Water Buffalo Bull id:134 histfig_id:-1" [E:\projects\Dwarf-Therapist\src\dwarf.cpp:309] (Dwarf::read_data)
2018-Feb-28 21:10:54.403 INFO	core	"FOUND Donkey (0x0e18d0f0) name:Donkey id:135 histfig_id:-1" [E:\projects\Dwarf-Therapist\src\dwarf.cpp:309] (Dwarf::read_data)
2018-Feb-28 21:10:54.404 INFO	core	read 13 units in 381 ms [E:\projects\Dwarf-Therapist\src\dfinstance.cpp:404] (DFInstance::load_dwarves)
2018-Feb-28 21:10:54.412 INFO	core	calculated roles in 8 ms [E:\projects\Dwarf-Therapist\src\dfinstance.cpp:416] (DFInstance::load_dwarves)
2018-Feb-28 21:10:54.412 INFO	core	loaded population data in 0 ms [E:\projects\Dwarf-Therapist\src\dfinstance.cpp:421] (DFInstance::load_dwarves)
2018-Feb-28 21:10:54.543 INFO	core	found 13 units out of 13 creatures [E:\projects\Dwarf-Therapist\src\dfinstance.cpp:435] (DFInstance::load_dwarves)
2018-Feb-28 21:10:54.593 INFO	core	group_by now set to 0  for view  "Labors Full" [E:\projects\Dwarf-Therapist\src\dwarfmodel.cpp:789] (DwarfModel::set_group_by)
2018-Feb-28 21:10:54.727 INFO	core	loaded rows for "Labors Full" 134 ms [E:\projects\Dwarf-Therapist\src\dwarfmodel.cpp:795] (DwarfModel::set_group_by)
2018-Feb-28 21:11:06.823 INFO	core	completed read in 12833 ms [E:\projects\Dwarf-Therapist\src\mainwindow.cpp:629] (MainWindow::read_dwarves)
2018-Feb-28 21:11:20.124 INFO	core	FOUND 0 squads [E:\projects\Dwarf-Therapist\src\dfinstance.cpp:880] (DFInstance::load_squads)
2018-Feb-28 21:11:20.151 INFO	core	using active units [E:\projects\Dwarf-Therapist\src\dfinstance.cpp:956] (DFInstance::get_creatures)
2018-Feb-28 21:11:20.151 INFO	core	no active units with our civ (reclaim), using full unit list [E:\projects\Dwarf-Therapist\src\dfinstance.cpp:962] (DFInstance::get_creatures)
2018-Feb-28 21:11:20.198 INFO	core	"FOUND Dwarf (0x0e0d7af0) name:Solon Astelasob id:123 histfig_id:647" [E:\projects\Dwarf-Therapist\src\dwarf.cpp:309] (Dwarf::read_data)
2018-Feb-28 21:11:20.222 INFO	core	"FOUND Dwarf (0x0e0dcbd0) name:Kumil Rig?thtekkud id:124 histfig_id:648" [E:\projects\Dwarf-Therapist\src\dwarf.cpp:309] (Dwarf::read_data)
2018-Feb-28 21:11:20.250 INFO	core	"FOUND Dwarf (0x0d7d4100) name:S?kzul Kalurfath id:125 histfig_id:649" [E:\projects\Dwarf-Therapist\src\dwarf.cpp:309] (Dwarf::read_data)
2018-Feb-28 21:11:20.278 INFO	core	"FOUND Dwarf (0x0d3d29b0) name:Sodel Ingishgulnas id:126 histfig_id:650" [E:\projects\Dwarf-Therapist\src\dwarf.cpp:309] (Dwarf::read_data)
2018-Feb-28 21:11:20.308 INFO	core	"FOUND Dwarf (0x0c15aab0) name:Sarvesh Kad?ltarem id:127 histfig_id:651" [E:\projects\Dwarf-Therapist\src\dwarf.cpp:309] (Dwarf::read_data)
2018-Feb-28 21:11:20.335 INFO	core	"FOUND Dwarf (0x0c15f2c0) name:Melbil Olinlathon id:128 histfig_id:652" [E:\projects\Dwarf-Therapist\src\dwarf.cpp:309] (Dwarf::read_data)
2018-Feb-28 21:11:20.364 INFO	core	"FOUND Dwarf (0x0d75b0c0) name:Kadol Isosth?kut id:129 histfig_id:653" [E:\projects\Dwarf-Therapist\src\dwarf.cpp:309] (Dwarf::read_data)
2018-Feb-28 21:11:20.367 INFO	core	"FOUND Dog (0x0e00e5d0) name:Dog id:130 histfig_id:-1" [E:\projects\Dwarf-Therapist\src\dwarf.cpp:309] (Dwarf::read_data)
2018-Feb-28 21:11:20.371 INFO	core	"FOUND Dog (0x0e0117d0) name:Dog id:131 histfig_id:-1" [E:\projects\Dwarf-Therapist\src\dwarf.cpp:309] (Dwarf::read_data)
2018-Feb-28 21:11:20.377 INFO	core	"FOUND Cat (0x0e014c60) name:Cat id:132 histfig_id:-1" [E:\projects\Dwarf-Therapist\src\dwarf.cpp:309] (Dwarf::read_data)
2018-Feb-28 21:11:20.380 INFO	core	"FOUND Cat (0x0e187dc0) name:Cat id:133 histfig_id:-1" [E:\projects\Dwarf-Therapist\src\dwarf.cpp:309] (Dwarf::read_data)
2018-Feb-28 21:11:20.383 INFO	core	"FOUND Water buffalo (0x0e18a950) name:Water Buffalo Bull id:134 histfig_id:-1" [E:\projects\Dwarf-Therapist\src\dwarf.cpp:309] (Dwarf::read_data)
2018-Feb-28 21:11:20.386 INFO	core	"FOUND Donkey (0x0e18d0f0) name:Donkey id:135 histfig_id:-1" [E:\projects\Dwarf-Therapist\src\dwarf.cpp:309] (Dwarf::read_data)
2018-Feb-28 21:11:20.386 INFO	core	read 13 units in 232 ms [E:\projects\Dwarf-Therapist\src\dfinstance.cpp:404] (DFInstance::load_dwarves)
2018-Feb-28 21:11:20.396 INFO	core	calculated roles in 10 ms [E:\projects\Dwarf-Therapist\src\dfinstance.cpp:416] (DFInstance::load_dwarves)
2018-Feb-28 21:11:20.396 INFO	core	loaded population data in 0 ms [E:\projects\Dwarf-Therapist\src\dfinstance.cpp:421] (DFInstance::load_dwarves)
2018-Feb-28 21:11:20.497 INFO	core	found 13 units out of 13 creatures [E:\projects\Dwarf-Therapist\src\dfinstance.cpp:435] (DFInstance::load_dwarves)
2018-Feb-28 21:11:20.503 INFO	core	group_by now set to 0  for view  "Labors Full" [E:\projects\Dwarf-Therapist\src\dwarfmodel.cpp:789] (DwarfModel::set_group_by)
2018-Feb-28 21:11:20.621 INFO	core	loaded rows for "Labors Full" 118 ms [E:\projects\Dwarf-Therapist\src\dwarfmodel.cpp:795] (DwarfModel::set_group_by)
2018-Feb-28 21:13:35.457 INFO	core	Beginning shutdown [E:\projects\Dwarf-Therapist\src\mainwindow.cpp:381] (MainWindow::closeEvent)
2018-Feb-28 21:13:35.457 INFO	core	beginning to write settings [E:\projects\Dwarf-Therapist\src\mainwindow.cpp:358] (MainWindow::write_settings)
2018-Feb-28 21:13:35.458 INFO	core	finished writing settings [E:\projects\Dwarf-Therapist\src\mainwindow.cpp:376] (MainWindow::write_settings)
2018-Feb-28 21:13:35.458 INFO	core	Closing Dwarf Therapist normally [E:\projects\Dwarf-Therapist\src\mainwindow.cpp:387] (MainWindow::closeEvent)
